Using pre-set license
Built from '2020.3/staging' branch; Version is '2020.3.13f1 (71691879b7f5) revision 7432472'; Using compiler version '192528614'; Build Type 'Release'
OS: 'Windows 10 Pro; OS build 19043.1415; Version 2009; 64bit' Language: 'tr' Physical Memory: 8092 MB
BatchMode: 1, IsHumanControllingUs: 0, StartBugReporterOnCrash: 0, Is64bit: 1, IsPro: 0

 COMMAND LINE ARGUMENTS:
D:\Unity\2020.3.13f1\Editor\Unity.exe
-adb2
-batchMode
-noUpm
-name
AssetImportWorker0
-projectPath
D:/Unity/Projects/RunnerAnimation
-logFile
Logs/AssetImportWorker0.log
-srvPort
63919
Successfully changed project path to: D:/Unity/Projects/RunnerAnimation
D:/Unity/Projects/RunnerAnimation
Using Asset Import Pipeline V2.
Refreshing native plugins compatible for Editor in 81.07 ms, found 2 plugins.
Preloading 0 native plugins for Editor in 0.00 ms.
Initialize engine version: 2020.3.13f1 (71691879b7f5)
[Subsystems] Discovering subsystems at path D:/Unity/2020.3.13f1/Editor/Data/Resources/UnitySubsystems
[Subsystems] Discovering subsystems at path D:/Unity/Projects/RunnerAnimation/Assets
GfxDevice: creating device client; threaded=0
Direct3D:
    Version:  Direct3D 11.0 [level 11.1]
    Renderer: AMD Radeon HD 7800 Series (ID=0x6819)
    Vendor:   
    VRAM:     1006 MB
    Driver:   27.20.1034.6
Shader 'Universal Render Pipeline/Particles/Lit': fallback shader 'Universal Render Pipeline/Particles/SimpleLit' not found
Initialize mono
Mono path[0] = 'D:/Unity/2020.3.13f1/Editor/Data/Managed'
Mono path[1] = 'D:/Unity/2020.3.13f1/Editor/Data/MonoBleedingEdge/lib/mono/unityjit'
Mono config path = 'D:/Unity/2020.3.13f1/Editor/Data/MonoBleedingEdge/etc'
Using monoOptions --debugger-agent=transport=dt_socket,embedding=1,server=y,suspend=n,address=127.0.0.1:56284
Begin MonoManager ReloadAssembly
Registering precompiled unity dll's ...
Register platform support module: D:/Unity/2020.3.13f1/Editor/Data/PlaybackEngines/WebGLSupport/UnityEditor.WebGL.Extensions.dll
Register platform support module: D:/Unity/2020.3.13f1/Editor/Data/PlaybackEngines/WindowsStandaloneSupport/UnityEditor.WindowsStandalone.Extensions.dll
Registered in 0.002169 seconds.
Native extension for WindowsStandalone target not found
Native extension for WebGL target not found
Refreshing native plugins compatible for Editor in 84.46 ms, found 2 plugins.
Preloading 0 native plugins for Editor in 0.00 ms.
Mono: successfully reloaded assembly
- Completed reload, in  2.504 seconds
Platform modules already initialized, skipping
Registering precompiled user dll's ...
Registered in 0.006646 seconds.
Begin MonoManager ReloadAssembly
Native extension for WindowsStandalone target not found
Native extension for WebGL target not found
Refreshing native plugins compatible for Editor in 126.87 ms, found 2 plugins.
Preloading 0 native plugins for Editor in 0.00 ms.
Mono: successfully reloaded assembly
- Completed reload, in  1.994 seconds
Platform modules already initialized, skipping
========================================================================
Worker process is ready to serve import requests
Shader 'Universal Render Pipeline/Particles/Lit': fallback shader 'Universal Render Pipeline/Particles/SimpleLit' not found
Launched and connected shader compiler UnityShaderCompiler.exe after 0.12 seconds
Refreshing native plugins compatible for Editor in 0.85 ms, found 2 plugins.
Preloading 0 native plugins for Editor in 0.00 ms.
Unloading 2664 Unused Serialized files (Serialized files now loaded: 0)
System memory in use before: 131.0 MB.
System memory in use after: 131.2 MB.

Unloading 20 unused Assets to reduce memory usage. Loaded Objects now: 3116.
Total: 3.998500 ms (FindLiveObjects: 0.803100 ms CreateObjectMapping: 0.168400 ms MarkObjects: 2.891300 ms  DeleteObjects: 0.133800 ms)

AssetImportParameters requested are different than current active one (requested -> active):
  custom:framework-win-MediaFoundation: 216162199b28c13a410421893ffa2e32 -> 
  custom:video-decoder-ogg-theora: a1e56fd34408186e4bbccfd4996cb3dc -> 
  custom:container-muxer-webm: aa71ff27fc2769a1b78a27578f13a17b -> 
  custom:container-demuxer-webm: 4f35f7cbe854078d1ac9338744f61a02 -> 
  custom:container-demuxer-ogg: 62fdf1f143b41e24485cea50d1cbac27 -> 
  custom:video-encoder-webm-vp8: eb34c28f22e8b96e1ab97ce403110664 -> 
  custom:video-decoder-webm-vp8: 9c59270c3fd7afecdb556c50c9e8de78 -> 
  custom:audio-decoder-ogg-vorbis: bf7c407c2cedff20999df2af8eb42d56 -> 
  custom:audio-encoder-webm-vorbis: bf7c407c2cedff20999df2af8eb42d56 -> 
========================================================================
Received Import Request.
  path: Assets/TextMesh Pro/Shaders/TMPro_Surface.cginc
  artifactKey: Guid(d930090c0cd643c7b55f19a38538c162) Importer(815301076,1909f56bfc062723c751e8b465ee728b)
Start importing Assets/TextMesh Pro/Shaders/TMPro_Surface.cginc using Guid(d930090c0cd643c7b55f19a38538c162) Importer(815301076,1909f56bfc062723c751e8b465ee728b)  -> (artifact id: '836a78725411bc3e53e0bdc56dedf858') in 0.101573 seconds 
  Import took 0.149559 seconds .

========================================================================
Received Import Request.
  Time since last request: 0.004075 seconds.
  path: Assets/TextMesh Pro/Shaders/TMP_SDF SSD.shader
  artifactKey: Guid(14eb328de4b8eb245bb7cea29e4ac00b) Importer(815301076,1909f56bfc062723c751e8b465ee728b)
Start importing Assets/TextMesh Pro/Shaders/TMP_SDF SSD.shader using Guid(14eb328de4b8eb245bb7cea29e4ac00b) Importer(815301076,1909f56bfc062723c751e8b465ee728b)  -> (artifact id: '896fc5dc9c5d3ecac4bbe96f5b4f01cb') in 0.008531 seconds 
  Import took 0.048402 seconds .

========================================================================
Received Import Request.
  Time since last request: 0.003653 seconds.
  path: Assets/TextMesh Pro/Shaders/TMP_SDF.shader
  artifactKey: Guid(68e6db2ebdc24f95958faec2be5558d6) Importer(815301076,1909f56bfc062723c751e8b465ee728b)
Start importing Assets/TextMesh Pro/Shaders/TMP_SDF.shader using Guid(68e6db2ebdc24f95958faec2be5558d6) Importer(815301076,1909f56bfc062723c751e8b465ee728b)  -> (artifact id: '8f5f383c25516b9de505f9f5673d6537') in 0.003015 seconds 
  Import took 0.013822 seconds .

========================================================================
Received Import Request.
  Time since last request: 0.046002 seconds.
  path: Assets/TextMesh Pro/Shaders
  artifactKey: Guid(e9f693669af91aa45ad615fc681ed29f) Importer(815301076,1909f56bfc062723c751e8b465ee728b)
Start importing Assets/TextMesh Pro/Shaders using Guid(e9f693669af91aa45ad615fc681ed29f) Importer(815301076,1909f56bfc062723c751e8b465ee728b)  -> (artifact id: '486066d15e4e2d1f404625b357b63227') in 0.002441 seconds 
  Import took 0.026326 seconds .

========================================================================
Received Import Request.
  Time since last request: 0.039633 seconds.
  path: Assets/Scripts/CameraController.cs
  artifactKey: Guid(9f43ab8b1cad8e9458617d7ec493dd0d) Importer(815301076,1909f56bfc062723c751e8b465ee728b)
Start importing Assets/Scripts/CameraController.cs using Guid(9f43ab8b1cad8e9458617d7ec493dd0d) Importer(815301076,1909f56bfc062723c751e8b465ee728b)  -> (artifact id: 'cb16a56d290243b219691ee0d9785426') in 0.045043 seconds 
  Import took 0.079867 seconds .

========================================================================
Received Import Request.
  Time since last request: 0.016633 seconds.
  path: Assets/Scripts/UIController.cs
  artifactKey: Guid(c8409fc30dfa3e247936af74ed4a7130) Importer(815301076,1909f56bfc062723c751e8b465ee728b)
Start importing Assets/Scripts/UIController.cs using Guid(c8409fc30dfa3e247936af74ed4a7130) Importer(815301076,1909f56bfc062723c751e8b465ee728b)  -> (artifact id: '137ae232fb1960c35d3fd99acaf55a48') in 0.002099 seconds 
  Import took 0.037191 seconds .

========================================================================
Received Import Request.
  Time since last request: 0.031147 seconds.
  path: Assets/Animations/mixamo.com 2.anim
  artifactKey: Guid(21adb90e96b135a458edc6287bff2217) Importer(815301076,1909f56bfc062723c751e8b465ee728b)
Start importing Assets/Animations/mixamo.com 2.anim using Guid(21adb90e96b135a458edc6287bff2217) Importer(815301076,1909f56bfc062723c751e8b465ee728b)  -> (artifact id: '0aa8ddc808fc0e9af0392f60c1f7cf62') in 0.013313 seconds 
  Import took 0.026963 seconds .

========================================================================
Received Import Request.
  Time since last request: 0.034415 seconds.
  path: Assets/TextMesh Pro/Shaders/TMP_SDF-Mobile.shader
  artifactKey: Guid(fe393ace9b354375a9cb14cdbbc28be4) Importer(815301076,1909f56bfc062723c751e8b465ee728b)
Start importing Assets/TextMesh Pro/Shaders/TMP_SDF-Mobile.shader using Guid(fe393ace9b354375a9cb14cdbbc28be4) Importer(815301076,1909f56bfc062723c751e8b465ee728b)  -> (artifact id: 'bf193b9db2da353726bb5b39e99b1597') in 0.002573 seconds 
  Import took 0.012897 seconds .

========================================================================
Received Import Request.
  Time since last request: 0.120673 seconds.
  path: Assets/TextMesh Pro/Shaders/TMP_Bitmap.shader
  artifactKey: Guid(128e987d567d4e2c824d754223b3f3b0) Importer(815301076,1909f56bfc062723c751e8b465ee728b)
Start importing Assets/TextMesh Pro/Shaders/TMP_Bitmap.shader using Guid(128e987d567d4e2c824d754223b3f3b0) Importer(815301076,1909f56bfc062723c751e8b465ee728b)  -> (artifact id: '9f225947b6ad066d1aba1b604d4804f2') in 0.006089 seconds 
  Import took 0.045352 seconds .

========================================================================
Received Import Request.
  Time since last request: 0.019225 seconds.
  path: Assets/TextMesh Pro/Shaders/TMP_SDF-Mobile SSD.shader
  artifactKey: Guid(c8d12adcee749c344b8117cf7c7eb912) Importer(815301076,1909f56bfc062723c751e8b465ee728b)
Start importing Assets/TextMesh Pro/Shaders/TMP_SDF-Mobile SSD.shader using Guid(c8d12adcee749c344b8117cf7c7eb912) Importer(815301076,1909f56bfc062723c751e8b465ee728b)  -> (artifact id: '1f5e112aa0f989ea640788ccc19074aa') in 0.003135 seconds 
  Import took 0.011795 seconds .

========================================================================
Received Import Request.
  Time since last request: 0.024379 seconds.
  path: Assets/TextMesh Pro/Resources/LineBreaking Following Characters.txt
  artifactKey: Guid(fade42e8bc714b018fac513c043d323b) Importer(815301076,1909f56bfc062723c751e8b465ee728b)
Start importing Assets/TextMesh Pro/Resources/LineBreaking Following Characters.txt using Guid(fade42e8bc714b018fac513c043d323b) Importer(815301076,1909f56bfc062723c751e8b465ee728b)  -> (artifact id: 'c84519695b966c8ddf8d325a6adc21d0') in 0.015476 seconds 
  Import took 0.054644 seconds .

========================================================================
Received Import Request.
  Time since last request: 0.030320 seconds.
  path: Assets/TextMesh Pro/Fonts
  artifactKey: Guid(6ab70aee4d56447429c680537fbf93ed) Importer(815301076,1909f56bfc062723c751e8b465ee728b)
Start importing Assets/TextMesh Pro/Fonts using Guid(6ab70aee4d56447429c680537fbf93ed) Importer(815301076,1909f56bfc062723c751e8b465ee728b)  -> (artifact id: 'c860dfdf0522eec1202f36843e52d436') in 0.007128 seconds 
  Import took 0.032371 seconds .

========================================================================
Received Import Request.
  Time since last request: 0.007639 seconds.
  path: Assets/TextMesh Pro/Sprites/EmojiOne.json
  artifactKey: Guid(8f05276190cf498a8153f6cbe761d4e6) Importer(815301076,1909f56bfc062723c751e8b465ee728b)
Start importing Assets/TextMesh Pro/Sprites/EmojiOne.json using Guid(8f05276190cf498a8153f6cbe761d4e6) Importer(815301076,1909f56bfc062723c751e8b465ee728b)  -> (artifact id: '9c491a4afbdae75051e2e9640592dc2a') in 0.011288 seconds 
  Import took 0.050393 seconds .

========================================================================
Received Import Request.
  Time since last request: 0.033439 seconds.
  path: Assets/TextMesh Pro
  artifactKey: Guid(f54d1bd14bd3ca042bd867b519fee8cc) Importer(815301076,1909f56bfc062723c751e8b465ee728b)
Start importing Assets/TextMesh Pro using Guid(f54d1bd14bd3ca042bd867b519fee8cc) Importer(815301076,1909f56bfc062723c751e8b465ee728b)  -> (artifact id: '16b4cbde9565bf190136f1148817e1ea') in 0.002979 seconds 
  Import took 0.016059 seconds .

========================================================================
Received Import Request.
  Time since last request: 0.018201 seconds.
  path: Assets/TextMesh Pro/Resources/Fonts & Materials
  artifactKey: Guid(731f1baa9d144a9897cb1d341c2092b8) Importer(815301076,1909f56bfc062723c751e8b465ee728b)
Start importing Assets/TextMesh Pro/Resources/Fonts & Materials using Guid(731f1baa9d144a9897cb1d341c2092b8) Importer(815301076,1909f56bfc062723c751e8b465ee728b)  -> (artifact id: 'cbd6dcea75119183330fd0c84a35eed7') in 0.002857 seconds 
  Import took 0.037379 seconds .

========================================================================
Received Import Request.
  Time since last request: 0.187883 seconds.
  path: Assets/TextMesh Pro/Shaders/TMP_Bitmap-Custom-Atlas.shader
  artifactKey: Guid(48bb5f55d8670e349b6e614913f9d910) Importer(815301076,1909f56bfc062723c751e8b465ee728b)
Start importing Assets/TextMesh Pro/Shaders/TMP_Bitmap-Custom-Atlas.shader using Guid(48bb5f55d8670e349b6e614913f9d910) Importer(815301076,1909f56bfc062723c751e8b465ee728b)  -> (artifact id: 'a6e773292f765700e36128470ac2b09b') in 0.003137 seconds 
  Import took 0.027310 seconds .

========================================================================
Received Import Request.
  Time since last request: 0.005435 seconds.
  path: Assets/Animations/mixamo.com.anim
  artifactKey: Guid(30e62262e0ef15745bb9fe1363f57b47) Importer(815301076,1909f56bfc062723c751e8b465ee728b)
Start importing Assets/Animations/mixamo.com.anim using Guid(30e62262e0ef15745bb9fe1363f57b47) Importer(815301076,1909f56bfc062723c751e8b465ee728b)  -> (artifact id: '954ba06e1f6e5cc96d3ce0f52af1bd8c') in 0.056133 seconds 
  Import took 0.087631 seconds .

========================================================================
Received Import Request.
  Time since last request: 0.003899 seconds.
  path: Assets/TextMesh Pro/Shaders/TMP_SDF-Surface-Mobile.shader
  artifactKey: Guid(85187c2149c549c5b33f0cdb02836b17) Importer(815301076,1909f56bfc062723c751e8b465ee728b)
Start importing Assets/TextMesh Pro/Shaders/TMP_SDF-Surface-Mobile.shader using Guid(85187c2149c549c5b33f0cdb02836b17) Importer(815301076,1909f56bfc062723c751e8b465ee728b)  -> (artifact id: 'a28d26a19afebd1308f9b8f1e8947c8b') in 0.002985 seconds 
  Import took 0.033857 seconds .

========================================================================
Received Import Request.
  Time since last request: 0.027471 seconds.
  path: Assets/TextMesh Pro/Shaders/TMPro_Properties.cginc
  artifactKey: Guid(3997e2241185407d80309a82f9148466) Importer(815301076,1909f56bfc062723c751e8b465ee728b)
Start importing Assets/TextMesh Pro/Shaders/TMPro_Properties.cginc using Guid(3997e2241185407d80309a82f9148466) Importer(815301076,1909f56bfc062723c751e8b465ee728b)  -> (artifact id: 'c391a3ef22de5419002cb66338ab7da8') in 0.010635 seconds 
  Import took 0.061225 seconds .

========================================================================
Received Import Request.
  Time since last request: 0.120833 seconds.
  path: Assets/TextMesh Pro/Resources/Style Sheets/Default Style Sheet.asset
  artifactKey: Guid(f952c082cb03451daed3ee968ac6c63e) Importer(815301076,1909f56bfc062723c751e8b465ee728b)
Start importing Assets/TextMesh Pro/Resources/Style Sheets/Default Style Sheet.asset using Guid(f952c082cb03451daed3ee968ac6c63e) Importer(815301076,1909f56bfc062723c751e8b465ee728b)  -> (artifact id: '99846f5a5cef2b9fb3476a6a84d35918') in 0.009242 seconds 
  Import took 0.022525 seconds .

========================================================================
Received Import Request.
  Time since last request: 0.005276 seconds.
  path: Assets/Animations/TurnLeft.anim
  artifactKey: Guid(8eaa1be1295d7ea41bc05f6c70468171) Importer(815301076,1909f56bfc062723c751e8b465ee728b)
Start importing Assets/Animations/TurnLeft.anim using Guid(8eaa1be1295d7ea41bc05f6c70468171) Importer(815301076,1909f56bfc062723c751e8b465ee728b)  -> (artifact id: '3bede19f6afbad581fc1907c0fa37c1f') in 0.017278 seconds 
  Import took 0.024135 seconds .

========================================================================
Received Import Request.
  Time since last request: 0.042726 seconds.
  path: Assets/TextMesh Pro/Documentation
  artifactKey: Guid(8e7e8f5a82a3a134e91c54efd2274ea9) Importer(815301076,1909f56bfc062723c751e8b465ee728b)
Start importing Assets/TextMesh Pro/Documentation using Guid(8e7e8f5a82a3a134e91c54efd2274ea9) Importer(815301076,1909f56bfc062723c751e8b465ee728b)  -> (artifact id: '7f5aa99e36510f23d626084d8be9669f') in 0.002184 seconds 
  Import took 0.016942 seconds .

========================================================================
Received Import Request.
  Time since last request: 0.004787 seconds.
  path: Assets/TextMesh Pro/Shaders/TMPro.cginc
  artifactKey: Guid(407bc68d299748449bbf7f48ee690f8d) Importer(815301076,1909f56bfc062723c751e8b465ee728b)
Start importing Assets/TextMesh Pro/Shaders/TMPro.cginc using Guid(407bc68d299748449bbf7f48ee690f8d) Importer(815301076,1909f56bfc062723c751e8b465ee728b)  -> (artifact id: '96618cf0080ce3d9085f9f3f1a8b5a1f') in 0.002760 seconds 
  Import took 0.020227 seconds .

========================================================================
Received Import Request.
  Time since last request: 0.040762 seconds.
  path: Assets/TextMesh Pro/Fonts/LiberationSans - OFL.txt
  artifactKey: Guid(6e59c59b81ab47f9b6ec5781fa725d2c) Importer(815301076,1909f56bfc062723c751e8b465ee728b)
Start importing Assets/TextMesh Pro/Fonts/LiberationSans - OFL.txt using Guid(6e59c59b81ab47f9b6ec5781fa725d2c) Importer(815301076,1909f56bfc062723c751e8b465ee728b)  -> (artifact id: 'd8ed59a48b952935c94a9302b2b79e3d') in 0.003853 seconds 
  Import took 0.019316 seconds .

========================================================================
Received Import Request.
  Time since last request: 0.004560 seconds.
  path: Assets/TextMesh Pro/Resources/Style Sheets
  artifactKey: Guid(4aecb92fff08436c8303b10eab8da368) Importer(815301076,1909f56bfc062723c751e8b465ee728b)
Start importing Assets/TextMesh Pro/Resources/Style Sheets using Guid(4aecb92fff08436c8303b10eab8da368) Importer(815301076,1909f56bfc062723c751e8b465ee728b)  -> (artifact id: '8eb160d1f2f0150837d5eca199ae2098') in 0.003185 seconds 
  Import took 0.041020 seconds .

========================================================================
Received Import Request.
  Time since last request: 0.003733 seconds.
  path: Assets/RunnerAnimation
  artifactKey: Guid(e83ce949f0381a04aa2ca87b81dcdd37) Importer(815301076,1909f56bfc062723c751e8b465ee728b)
Start importing Assets/RunnerAnimation using Guid(e83ce949f0381a04aa2ca87b81dcdd37) Importer(815301076,1909f56bfc062723c751e8b465ee728b)  -> (artifact id: '24d96ecd17fe94ab263ebb7c9c8ada32') in 0.004116 seconds 
  Import took 0.011314 seconds .

========================================================================
Received Import Request.
  Time since last request: 0.009402 seconds.
  path: Assets/TextMesh Pro/Resources/Sprite Assets/EmojiOne.asset
  artifactKey: Guid(c41005c129ba4d66911b75229fd70b45) Importer(815301076,1909f56bfc062723c751e8b465ee728b)
Start importing Assets/TextMesh Pro/Resources/Sprite Assets/EmojiOne.asset using Guid(c41005c129ba4d66911b75229fd70b45) Importer(815301076,1909f56bfc062723c751e8b465ee728b)  -> (artifact id: '093a2cdfc4701742cd4e2e9653a3929b') in 0.025428 seconds 
  Import took 0.038693 seconds .

========================================================================
Received Import Request.
  Time since last request: 0.018620 seconds.
  path: Assets/TextMesh Pro/Shaders/TMPro_Mobile.cginc
  artifactKey: Guid(c334973cef89a9840b0b0c507e0377ab) Importer(815301076,1909f56bfc062723c751e8b465ee728b)
Start importing Assets/TextMesh Pro/Shaders/TMPro_Mobile.cginc using Guid(c334973cef89a9840b0b0c507e0377ab) Importer(815301076,1909f56bfc062723c751e8b465ee728b)  -> (artifact id: 'fa9814e77ddab0d71bea6c5357ebd555') in 0.004038 seconds 
  Import took 0.011090 seconds .

========================================================================
Received Import Request.
  Time since last request: 0.091715 seconds.
  path: Assets/TextMesh Pro/Shaders/TMP_Sprite.shader
  artifactKey: Guid(cf81c85f95fe47e1a27f6ae460cf182c) Importer(815301076,1909f56bfc062723c751e8b465ee728b)
Start importing Assets/TextMesh Pro/Shaders/TMP_Sprite.shader using Guid(cf81c85f95fe47e1a27f6ae460cf182c) Importer(815301076,1909f56bfc062723c751e8b465ee728b)  -> (artifact id: '8a8f70aa6fde22863e7d79a6409c06ea') in 0.002562 seconds 
  Import took 0.008410 seconds .

========================================================================
Received Import Request.
  Time since last request: 0.018066 seconds.
  path: Assets/Animations/Running.anim
  artifactKey: Guid(276dbd0f78101574ebd8c12d93b30114) Importer(815301076,1909f56bfc062723c751e8b465ee728b)
Start importing Assets/Animations/Running.anim using Guid(276dbd0f78101574ebd8c12d93b30114) Importer(815301076,1909f56bfc062723c751e8b465ee728b)  -> (artifact id: 'e823d7c34432cd7bca716a88ebb4a279') in 0.013281 seconds 
  Import took 0.021889 seconds .

========================================================================
Received Import Request.
  Time since last request: 0.054391 seconds.
  path: Assets/TextMesh Pro/Shaders/TMP_SDF-Mobile Masking.shader
  artifactKey: Guid(bc1ede39bf3643ee8e493720e4259791) Importer(815301076,1909f56bfc062723c751e8b465ee728b)
Start importing Assets/TextMesh Pro/Shaders/TMP_SDF-Mobile Masking.shader using Guid(bc1ede39bf3643ee8e493720e4259791) Importer(815301076,1909f56bfc062723c751e8b465ee728b)  -> (artifact id: 'dd6aef3a7a8b8ce40801a2d361d604c5') in 0.282652 seconds 
  Import took 0.347370 seconds .

========================================================================
Received Import Request.
  Time since last request: 0.002946 seconds.
  path: Assets/TextMesh Pro/Resources/Sprite Assets
  artifactKey: Guid(512a49d95c0c4332bdd98131869c23c9) Importer(815301076,1909f56bfc062723c751e8b465ee728b)
Start importing Assets/TextMesh Pro/Resources/Sprite Assets using Guid(512a49d95c0c4332bdd98131869c23c9) Importer(815301076,1909f56bfc062723c751e8b465ee728b)  -> (artifact id: 'b31814b8e9a6a2d42a48cf87797f0e5e') in 0.007709 seconds 
  Import took 0.013970 seconds .

========================================================================
Received Import Request.
  Time since last request: 0.020462 seconds.
  path: Assets/TextMesh Pro/Shaders/TMP_SDF-Surface.shader
  artifactKey: Guid(f7ada0af4f174f0694ca6a487b8f543d) Importer(815301076,1909f56bfc062723c751e8b465ee728b)
Start importing Assets/TextMesh Pro/Shaders/TMP_SDF-Surface.shader using Guid(f7ada0af4f174f0694ca6a487b8f543d) Importer(815301076,1909f56bfc062723c751e8b465ee728b)  -> (artifact id: 'cc37b88184e2cd6c0025c84d1099b8b9') in 0.004439 seconds 
  Import took 0.010477 seconds .

========================================================================
Received Import Request.
  Time since last request: 0.038100 seconds.
  path: Assets/Animations/mixamo.com 1.anim
  artifactKey: Guid(1741f867d07713449bab34eb2acb3700) Importer(815301076,1909f56bfc062723c751e8b465ee728b)
Start importing Assets/Animations/mixamo.com 1.anim using Guid(1741f867d07713449bab34eb2acb3700) Importer(815301076,1909f56bfc062723c751e8b465ee728b)  -> (artifact id: 'b5130ae71bda4a57890fea3f68cf0fd8') in 0.049098 seconds 
  Import took 0.084881 seconds .

========================================================================
Received Import Request.
  Time since last request: 0.019822 seconds.
  path: Assets/Tree_Textures
  artifactKey: Guid(c26a35a7e170715459b6eb8a6610d102) Importer(815301076,1909f56bfc062723c751e8b465ee728b)
Start importing Assets/Tree_Textures using Guid(c26a35a7e170715459b6eb8a6610d102) Importer(815301076,1909f56bfc062723c751e8b465ee728b)  -> (artifact id: '7d07ced65041342f6258e9213bc45009') in 0.008891 seconds 
  Import took 0.031344 seconds .

========================================================================
Received Import Request.
  Time since last request: 0.012962 seconds.
  path: Assets/TextMesh Pro/Shaders/TMP_SDF Overlay.shader
  artifactKey: Guid(dd89cf5b9246416f84610a006f916af7) Importer(815301076,1909f56bfc062723c751e8b465ee728b)
Start importing Assets/TextMesh Pro/Shaders/TMP_SDF Overlay.shader using Guid(dd89cf5b9246416f84610a006f916af7) Importer(815301076,1909f56bfc062723c751e8b465ee728b)  -> (artifact id: '8608c30c089658bdb2b290e322b7a713') in 0.002783 seconds 
  Import took 0.013676 seconds .

========================================================================
Received Import Request.
  Time since last request: 0.037988 seconds.
  path: Assets/Scenes/Level 1.unity
  artifactKey: Guid(67d74c8bd3290d94ab2761fe1f478403) Importer(815301076,1909f56bfc062723c751e8b465ee728b)
Start importing Assets/Scenes/Level 1.unity using Guid(67d74c8bd3290d94ab2761fe1f478403) Importer(815301076,1909f56bfc062723c751e8b465ee728b)  -> (artifact id: 'e3a00907c4183a79042b8240f6ad3083') in 0.002461 seconds 
  Import took 0.014413 seconds .

========================================================================
Received Import Request.
  Time since last request: 0.003516 seconds.
  path: Assets/Scripts/PlayerController.cs
  artifactKey: Guid(008be3258647a4e4483a3e0723012162) Importer(815301076,1909f56bfc062723c751e8b465ee728b)
Start importing Assets/Scripts/PlayerController.cs using Guid(008be3258647a4e4483a3e0723012162) Importer(815301076,1909f56bfc062723c751e8b465ee728b)  -> (artifact id: '2cbffa56e17ae6f7ee41668cb8070ee4') in 0.006795 seconds 
  Import took 0.012885 seconds .

========================================================================
Received Import Request.
  Time since last request: 0.068445 seconds.
  path: Assets/TextMesh Pro/Sprites/EmojiOne Attribution.txt
  artifactKey: Guid(381dcb09d5029d14897e55f98031fca5) Importer(815301076,1909f56bfc062723c751e8b465ee728b)
Start importing Assets/TextMesh Pro/Sprites/EmojiOne Attribution.txt using Guid(381dcb09d5029d14897e55f98031fca5) Importer(815301076,1909f56bfc062723c751e8b465ee728b)  -> (artifact id: 'a93e932dc712dec422b2d5903b71fff9') in 0.003217 seconds 
  Import took 0.009526 seconds .

========================================================================
Received Import Request.
  Time since last request: 0.003044 seconds.
  path: Assets/Animations/Animators/CokeImage.controller
  artifactKey: Guid(6a8c694af44fd424e9526076ca15dc02) Importer(815301076,1909f56bfc062723c751e8b465ee728b)
Start importing Assets/Animations/Animators/CokeImage.controller using Guid(6a8c694af44fd424e9526076ca15dc02) Importer(815301076,1909f56bfc062723c751e8b465ee728b)  -> (artifact id: 'e46a43f8ed8fecb253d76287ea99e13f') in 0.008571 seconds 
  Import took 0.030937 seconds .

========================================================================
Received Import Request.
  Time since last request: 0.093267 seconds.
  path: Assets/TextMesh Pro/Sprites
  artifactKey: Guid(d0603b6d5186471b96c778c3949c7ce2) Importer(815301076,1909f56bfc062723c751e8b465ee728b)
Start importing Assets/TextMesh Pro/Sprites using Guid(d0603b6d5186471b96c778c3949c7ce2) Importer(815301076,1909f56bfc062723c751e8b465ee728b)  -> (artifact id: 'c825b4ecabc52a724fdd8944d5209777') in 0.005062 seconds 
  Import took 0.011041 seconds .

========================================================================
Received Import Request.
  Time since last request: 0.085548 seconds.
  path: Assets/Animations/TurnRight.anim
  artifactKey: Guid(71a86c1562e2d864d90c4410a5b4d5a8) Importer(815301076,1909f56bfc062723c751e8b465ee728b)
Start importing Assets/Animations/TurnRight.anim using Guid(71a86c1562e2d864d90c4410a5b4d5a8) Importer(815301076,1909f56bfc062723c751e8b465ee728b)  -> (artifact id: '5135a81c17a0c2dc6c296f5c2c57a58f') in 0.017526 seconds 
  Import took 0.030332 seconds .

========================================================================
Received Import Request.
  Time since last request: 0.013964 seconds.
  path: Assets/TextMesh Pro/Documentation/TextMesh Pro User Guide 2016.pdf
  artifactKey: Guid(1b8d251f9af63b746bf2f7ffe00ebb9b) Importer(815301076,1909f56bfc062723c751e8b465ee728b)
Start importing Assets/TextMesh Pro/Documentation/TextMesh Pro User Guide 2016.pdf using Guid(1b8d251f9af63b746bf2f7ffe00ebb9b) Importer(815301076,1909f56bfc062723c751e8b465ee728b)  -> (artifact id: '68a8cd0d128e2de1afc31d38fd538062') in 0.012191 seconds 
  Import took 0.034329 seconds .

========================================================================
Received Import Request.
  Time since last request: 0.003325 seconds.
  path: Assets/TextMesh Pro/Shaders/TMP_Bitmap-Mobile.shader
  artifactKey: Guid(1e3b057af24249748ff873be7fafee47) Importer(815301076,1909f56bfc062723c751e8b465ee728b)
Start importing Assets/TextMesh Pro/Shaders/TMP_Bitmap-Mobile.shader using Guid(1e3b057af24249748ff873be7fafee47) Importer(815301076,1909f56bfc062723c751e8b465ee728b)  -> (artifact id: '344ef1613159f6124c746b2a060c4bfd') in 0.002579 seconds 
  Import took 0.013528 seconds .

========================================================================
Received Import Request.
  Time since last request: 0.003651 seconds.
  path: Assets/TextMesh Pro/Shaders/TMP_SDF-Mobile Overlay.shader
  artifactKey: Guid(a02a7d8c237544f1962732b55a9aebf1) Importer(815301076,1909f56bfc062723c751e8b465ee728b)
Start importing Assets/TextMesh Pro/Shaders/TMP_SDF-Mobile Overlay.shader using Guid(a02a7d8c237544f1962732b55a9aebf1) Importer(815301076,1909f56bfc062723c751e8b465ee728b)  -> (artifact id: '936f679c4dd7ce6764fb76be4d67f38c') in 0.006903 seconds 
  Import took 0.013281 seconds .

========================================================================
Received Import Request.
  Time since last request: 0.004901 seconds.
  path: Assets/TextMesh Pro/Resources
  artifactKey: Guid(243e06394e614e5d99fab26083b707fa) Importer(815301076,1909f56bfc062723c751e8b465ee728b)
Start importing Assets/TextMesh Pro/Resources using Guid(243e06394e614e5d99fab26083b707fa) Importer(815301076,1909f56bfc062723c751e8b465ee728b)  -> (artifact id: '0df7051f5b12f3f69d646d60f9166c36') in 0.004457 seconds 
  Import took 0.010860 seconds .

========================================================================
Received Import Request.
  Time since last request: 0.053778 seconds.
  path: Assets/TextMesh Pro/Resources/LineBreaking Leading Characters.txt
  artifactKey: Guid(d82c1b31c7e74239bff1220585707d2b) Importer(815301076,1909f56bfc062723c751e8b465ee728b)
Start importing Assets/TextMesh Pro/Resources/LineBreaking Leading Characters.txt using Guid(d82c1b31c7e74239bff1220585707d2b) Importer(815301076,1909f56bfc062723c751e8b465ee728b)  -> (artifact id: '55ff7fcf1dc11b21acfd2150599fb6bf') in 0.002578 seconds 
  Import took 0.009581 seconds .

